LINE - 23 : [ 2025-11-14 16:26:27,963 ] Mongodb_connection - INFO - Connecting to Mongodb...
LINE - 58 : [ 2025-11-14 16:26:29,126 ] Mongodb_connection - INFO - Connected to mongodb.
LINE - 28 : [ 2025-11-14 16:26:29,127 ] Fake news Data - INFO - Fetching Data from mongoDb...
LINE - 38 : [ 2025-11-14 16:26:31,469 ] Fake news Data - INFO - Data Fetched Successfully
LINE - 105 : [ 2025-11-14 16:26:39,868 ] Demo - INFO - X: 4575, y: 4575
LINE - 108 : [ 2025-11-14 16:26:39,874 ] Demo - INFO - X_train type: <class 'numpy.ndarray'>
LINE - 23 : [ 2025-11-14 16:38:47,628 ] Mongodb_connection - INFO - Connecting to Mongodb...
LINE - 58 : [ 2025-11-14 16:38:48,512 ] Mongodb_connection - INFO - Connected to mongodb.
LINE - 28 : [ 2025-11-14 16:38:48,512 ] Fake news Data - INFO - Fetching Data from mongoDb...
LINE - 38 : [ 2025-11-14 16:38:50,573 ] Fake news Data - INFO - Data Fetched Successfully
LINE - 105 : [ 2025-11-14 16:38:59,219 ] Demo - INFO - X: 4575, y: 4575
LINE - 108 : [ 2025-11-14 16:38:59,222 ] Demo - INFO - X_train type: <class 'numpy.ndarray'>
LINE - 25 : [ 2025-11-14 16:57:32,760 ] Data Ingestion - INFO - Data Ingestion started...
LINE - 12 : [ 2025-11-14 16:57:32,760 ] Data Ingestion - INFO - Importing Data from mongodb
LINE - 23 : [ 2025-11-14 16:57:32,760 ] Mongodb_connection - INFO - Connecting to Mongodb...
LINE - 58 : [ 2025-11-14 16:57:33,874 ] Mongodb_connection - INFO - Connected to mongodb.
LINE - 28 : [ 2025-11-14 16:57:33,875 ] Fake news Data - INFO - Fetching Data from mongoDb...
LINE - 38 : [ 2025-11-14 16:57:36,074 ] Fake news Data - INFO - Data Fetched Successfully
LINE - 20 : [ 2025-11-14 16:57:36,075 ] Data Ingestion - INFO - Shape of data : (5200, 7)
LINE - 60 : [ 2025-11-14 17:22:22,383 ] Data Ingestion - INFO - Data Ingestion started...
LINE - 17 : [ 2025-11-14 17:22:22,383 ] Data Ingestion - INFO - Importing Data from mongodb
LINE - 23 : [ 2025-11-14 17:22:22,383 ] Mongodb_connection - INFO - Connecting to Mongodb...
LINE - 58 : [ 2025-11-14 17:22:23,563 ] Mongodb_connection - INFO - Connected to mongodb.
LINE - 28 : [ 2025-11-14 17:22:23,563 ] Fake news Data - INFO - Fetching Data from mongoDb...
LINE - 38 : [ 2025-11-14 17:22:25,777 ] Fake news Data - INFO - Data Fetched Successfully
LINE - 24 : [ 2025-11-14 17:22:25,778 ] Data Ingestion - INFO - Shape of data : (5200, 7)
LINE - 27 : [ 2025-11-14 17:22:25,778 ] Data Ingestion - INFO - Saving Whole data to feature store
LINE - 29 : [ 2025-11-14 17:22:26,213 ] Data Ingestion - INFO - Data Saved to feature_store: artifacts/feature_store/data.csv
LINE - 38 : [ 2025-11-14 17:22:26,213 ] Data Ingestion - INFO - Splitting data into train and test started
LINE - 40 : [ 2025-11-14 17:22:26,216 ] Data Ingestion - INFO - Data splitting Done
LINE - 42 : [ 2025-11-14 17:22:26,216 ] Data Ingestion - INFO - Saving Data to train and test folder
LINE - 52 : [ 2025-11-14 17:22:26,645 ] Data Ingestion - INFO - Train and test data saved: 
Train path: artifacts/feature_store/train/train.csv
 Test path: artifacts/feature_store/test/test.csv
LINE - 63 : [ 2025-11-14 17:22:26,646 ] Data Ingestion - INFO - Exiting Data Ingestion
LINE - 60 : [ 2025-11-14 17:24:20,922 ] Data Ingestion - INFO - Data Ingestion started...
LINE - 17 : [ 2025-11-14 17:24:20,923 ] Data Ingestion - INFO - Importing Data from mongodb
LINE - 23 : [ 2025-11-14 17:24:20,923 ] Mongodb_connection - INFO - Connecting to Mongodb...
LINE - 58 : [ 2025-11-14 17:24:21,692 ] Mongodb_connection - INFO - Connected to mongodb.
LINE - 28 : [ 2025-11-14 17:24:21,693 ] Fake news Data - INFO - Fetching Data from mongoDb...
LINE - 38 : [ 2025-11-14 17:24:23,628 ] Fake news Data - INFO - Data Fetched Successfully
LINE - 24 : [ 2025-11-14 17:24:23,628 ] Data Ingestion - INFO - Shape of data : (5200, 7)
LINE - 27 : [ 2025-11-14 17:24:23,629 ] Data Ingestion - INFO - Saving Whole data to feature store
LINE - 29 : [ 2025-11-14 17:24:24,067 ] Data Ingestion - INFO - Data Saved to feature_store: artifacts/feature_store/data.csv
LINE - 38 : [ 2025-11-14 17:24:24,067 ] Data Ingestion - INFO - Splitting data into train and test started
LINE - 40 : [ 2025-11-14 17:24:24,069 ] Data Ingestion - INFO - Data splitting Done
LINE - 42 : [ 2025-11-14 17:24:24,069 ] Data Ingestion - INFO - Saving Data to train and test folder
LINE - 52 : [ 2025-11-14 17:24:24,508 ] Data Ingestion - INFO - Train and test data saved: 
Train path: artifacts/train/train.csv
 Test path: artifacts/test/test.csv
LINE - 63 : [ 2025-11-14 17:24:24,508 ] Data Ingestion - INFO - Exiting Data Ingestion
